<?xml version="1.0" ?>
<coverage version="7.11.3" timestamp="1763418342325" lines-valid="90" lines-covered="76" line-rate="0.8444" branches-valid="26" branches-covered="14" branch-rate="0.5385" complexity="0">
	<!-- Generated by coverage.py: https://coverage.readthedocs.io/en/7.11.3 -->
	<!-- Based on https://raw.githubusercontent.com/cobertura/web/master/htdocs/xml/coverage-04.dtd -->
	<sources>
		<source>/tmp/dscv101/parallel-codegen-orchestrator/src</source>
	</sources>
	<packages>
		<package name="." line-rate="1" branch-rate="1" complexity="0">
			<classes>
				<class name="__init__.py" filename="__init__.py" complexity="0" line-rate="1" branch-rate="1">
					<methods/>
					<lines/>
				</class>
			</classes>
		</package>
		<package name="github" line-rate="0.8444" branch-rate="0.5385" complexity="0">
			<classes>
				<class name="__init__.py" filename="github/__init__.py" complexity="0" line-rate="1" branch-rate="1">
					<methods/>
					<lines>
						<line number="3" hits="1"/>
						<line number="5" hits="1"/>
					</lines>
				</class>
				<class name="rest_api.py" filename="github/rest_api.py" complexity="0" line-rate="0.8409" branch-rate="0.5385">
					<methods/>
					<lines>
						<line number="6" hits="1"/>
						<line number="7" hits="1"/>
						<line number="9" hits="1"/>
						<line number="10" hits="1"/>
						<line number="11" hits="1"/>
						<line number="13" hits="1"/>
						<line number="16" hits="1"/>
						<line number="23" hits="1"/>
						<line number="30" hits="1"/>
						<line number="31" hits="1"/>
						<line number="32" hits="1"/>
						<line number="34" hits="1"/>
						<line number="36" hits="1"/>
						<line number="37" hits="1"/>
						<line number="38" hits="0"/>
						<line number="39" hits="0"/>
						<line number="40" hits="0"/>
						<line number="42" hits="1"/>
						<line number="54" hits="1"/>
						<line number="55" hits="1"/>
						<line number="56" hits="1"/>
						<line number="57" hits="1"/>
						<line number="62" hits="1"/>
						<line number="84" hits="1"/>
						<line number="87" hits="1"/>
						<line number="88" hits="1" branch="true" condition-coverage="100% (2/2)"/>
						<line number="89" hits="1"/>
						<line number="92" hits="1" branch="true" condition-coverage="50% (1/2)" missing-branches="exit"/>
						<line number="93" hits="1"/>
						<line number="94" hits="1"/>
						<line number="96" hits="1" branch="true" condition-coverage="100% (2/2)"/>
						<line number="97" hits="1" branch="true" condition-coverage="50% (1/2)" missing-branches="96"/>
						<line number="98" hits="1"/>
						<line number="99" hits="1"/>
						<line number="100" hits="1"/>
						<line number="101" hits="1" branch="true" condition-coverage="100% (2/2)"/>
						<line number="103" hits="1"/>
						<line number="105" hits="1"/>
						<line number="108" hits="1"/>
						<line number="110" hits="1"/>
						<line number="130" hits="1"/>
						<line number="133" hits="1" branch="true" condition-coverage="50% (1/2)" missing-branches="exit"/>
						<line number="134" hits="1"/>
						<line number="135" hits="1"/>
						<line number="136" hits="1"/>
						<line number="137" hits="1"/>
						<line number="138" hits="0"/>
						<line number="139" hits="0" branch="true" condition-coverage="0% (0/2)" missing-branches="141,146"/>
						<line number="141" hits="0"/>
						<line number="143" hits="0"/>
						<line number="146" hits="0"/>
						<line number="148" hits="1"/>
						<line number="166" hits="1"/>
						<line number="167" hits="1"/>
						<line number="170" hits="1"/>
						<line number="171" hits="1" branch="true" condition-coverage="50% (1/2)" missing-branches="173"/>
						<line number="172" hits="1"/>
						<line number="173" hits="1" branch="true" condition-coverage="50% (1/2)" missing-branches="176"/>
						<line number="174" hits="1"/>
						<line number="176" hits="1" branch="true" condition-coverage="50% (1/2)" missing-branches="exit"/>
						<line number="177" hits="1"/>
						<line number="179" hits="1"/>
						<line number="198" hits="1"/>
						<line number="200" hits="1"/>
						<line number="202" hits="1"/>
						<line number="203" hits="1"/>
						<line number="206" hits="1"/>
						<line number="210" hits="0"/>
						<line number="211" hits="0" branch="true" condition-coverage="0% (0/2)" missing-branches="212,216"/>
						<line number="212" hits="0"/>
						<line number="216" hits="0"/>
						<line number="218" hits="1"/>
						<line number="220" hits="1"/>
						<line number="236" hits="1"/>
						<line number="237" hits="1"/>
						<line number="238" hits="1"/>
						<line number="240" hits="1"/>
						<line number="249" hits="1"/>
						<line number="250" hits="1"/>
						<line number="256" hits="1"/>
						<line number="261" hits="1"/>
						<line number="263" hits="1" branch="true" condition-coverage="50% (1/2)" missing-branches="exit"/>
						<line number="264" hits="1"/>
						<line number="265" hits="1"/>
						<line number="267" hits="1" branch="true" condition-coverage="50% (1/2)" missing-branches="268"/>
						<line number="268" hits="0"/>
						<line number="270" hits="1"/>
						<line number="272" hits="0"/>
					</lines>
				</class>
			</classes>
		</package>
	</packages>
</coverage>
